/*C32*/SET SCHEMA PUBLIC
DELETE FROM PRODUTO WHERE ID=1
COMMIT
INSERT INTO PRODUTO VALUES(8,'Celular Xiaomi ',1099.99,1)
COMMIT
DELETE FROM PRODUTO WHERE ID=2
COMMIT
DELETE FROM PRODUTO WHERE ID=3
COMMIT
DELETE FROM PRODUTO WHERE ID=4
COMMIT
DELETE FROM PRODUTO WHERE ID=5
COMMIT
DELETE FROM PRODUTO WHERE ID=6
COMMIT
DELETE FROM PRODUTO WHERE ID=7
COMMIT
DELETE FROM PRODUTO WHERE ID=8
COMMIT
INSERT INTO PRODUTO VALUES(9,'Celular 3',34.00,6)
COMMIT
INSERT INTO PRODUTO VALUES(10,'teste ',56.00,1)
COMMIT
DISCONNECT
/*C33*/SET SCHEMA PUBLIC
DISCONNECT
/*C34*/SET SCHEMA PUBLIC
DISCONNECT
/*C35*/SET SCHEMA PUBLIC
DISCONNECT
/*C36*/SET SCHEMA PUBLIC
DISCONNECT
/*C37*/SET SCHEMA PUBLIC
DISCONNECT
/*C38*/SET SCHEMA PUBLIC
DISCONNECT
/*C39*/SET SCHEMA PUBLIC
DISCONNECT
/*C40*/SET SCHEMA PUBLIC
DISCONNECT
/*C41*/SET SCHEMA PUBLIC
DISCONNECT
